<?xml version="1.0" encoding="UTF-8"?>
<!-- Generated by org.testng.reporters.JUnitReportReporter -->
<testsuite hostname="Sandeep" failures="0" tests="1" name="Com.OrangeHRM.TestCases.ConfigurationPageTest" time="20.566" errors="0" timestamp="2022-10-20T18:47:28 IST" skipped="0">
  <testcase classname="Com.OrangeHRM.TestCases.ConfigurationPageTest" name="ConfigList" time="20.566"/>
  <system-out/>
</testsuite> <!-- Com.OrangeHRM.TestCases.ConfigurationPageTest -->
